[debug] [2025-10-22T22:37:12.383Z] : 
[debug] [2025-10-22T22:37:12.391Z] : ----------------------------------------------------------------------
[debug] [2025-10-22T22:37:12.392Z] : Command:      C:\Program Files\nodejs\node.exe C:\Users\Admin\AppData\Roaming\npm\node_modules\zcatalyst-cli\lib\bin\catalyst.js serve
[debug] [2025-10-22T22:37:12.392Z] : CLI Version:  1.20.2
[debug] [2025-10-22T22:37:12.393Z] : Platform:     win32
[debug] [2025-10-22T22:37:12.393Z] : Node Version: v20.16.0
[debug] [2025-10-22T22:37:12.393Z] : Time:         Wed Oct 22 2025 16:37:12 GMT-0600 (GMT-06:00)
[debug] [2025-10-22T22:37:12.394Z] : ----------------------------------------------------------------------
[debug] [2025-10-22T22:37:12.394Z] : 
[debug] [2025-10-22T22:37:12.758Z] : > authorizing via signed-in user option
[debug] [2025-10-22T22:37:12.759Z] : > command requires scopes: ["ZohoCatalyst.projects.ALL","ZohoCatalyst.apigateway.apis.READ","ZohoCatalyst.apigateway.READ","ZohoCatalyst.segments.ALL","ZohoCatalyst.cache.READ","ZohoCatalyst.cache.CREATE","ZohoCatalyst.cache.DELETE","ZohoCatalyst.projects.ALL","ZohoCatalyst.cron.ALL","ZohoCatalyst.zcql.CREATE","ZohoCatalyst.projects.users.READ","ZohoCatalyst.projects.users.CREATE","ZohoCatalyst.projects.users.DELETE","ZohoCatalyst.projects.users.UPDATE","ZohoCatalyst.authentication.CREATE","ZohoCatalyst.email.CREATE","ZohoCatalyst.tables.ALL","ZohoCatalyst.tables.rows.ALL","ZohoCatalyst.tables.columns.ALL","ZohoCatalyst.tables.bulk.CREATE","ZohoCatalyst.tables.bulk.READ","ZohoCatalyst.folders.ALL","ZohoCatalyst.files.CREATE","ZohoCatalyst.files.READ","ZohoCatalyst.files.DELETE","ZohoCatalyst.functions.ALL","ZohoCatalyst.functions.EXECUTE","ZohoCatalyst.eventlistners.ALL","ZohoCatalyst.eventlisteners.produce","ZohoCatalyst.security.rules.Read","ZohoCatalyst.security.rules.Update","ZohoCatalyst.notifications.mobile","ZohoCatalyst.notifications.web","ZohoCatalyst.search.READ","ZohoCatalyst.mlkit.READ","QuickML.deployment.READ","ZohoCatalyst.pdfshot.execute","ZohoCatalyst.dataverse.execute","ZohoCatalyst.circuits.execution.DELETE","ZohoCatalyst.circuits.execution.READ","ZohoCatalyst.circuits.execute","ZohoCatalyst.appsail.Read","ZohoCatalyst.jobpool.READ","ZohoCatalyst.job.ALL","ZohoCatalyst.nosql.READ","ZohoCatalyst.nosql.rows.ALL"]
[debug] [2025-10-22T22:37:12.782Z] : >>>> HTTP REQUEST : GET https://api.catalyst.zoho.com/baas/v1/project/26384000000024079 

[debug] [2025-10-22T22:37:13.151Z] : <<<< HTTP RESPONSE : 200
Response Headers: {"server":"ZGS","date":"Wed, 22 Oct 2025 22:37:12 GMT","content-type":"application/vnd.catalyst.v2+json","transfer-encoding":"chunked","connection":"keep-alive","x-content-type-options":"nosniff","cache-control":"private,no-cache,no-store,max-age=0,must-revalidate","pragma":"no-cache","expires":"Thu, 01 Jan 1970 00:00:00 GMT","x-frame-options":"DENY","strict-transport-security":"max-age=64072000; includeSubDomains; preload"}

[debug] [2025-10-22T22:37:13.161Z] : >>>> HTTP REQUEST : GET https://api.catalyst.zoho.com/baas/v1/project/26384000000024079/environment 

[debug] [2025-10-22T22:37:13.252Z] : <<<< HTTP RESPONSE : 200
Response Headers: {"server":"ZGS","date":"Wed, 22 Oct 2025 22:37:12 GMT","content-type":"application/vnd.catalyst.v2+json","transfer-encoding":"chunked","connection":"keep-alive","x-content-type-options":"nosniff","cache-control":"private,no-cache,no-store,max-age=0,must-revalidate","pragma":"no-cache","expires":"Thu, 01 Jan 1970 00:00:00 GMT","x-frame-options":"DENY","strict-transport-security":"max-age=64072000; includeSubDomains; preload"}

[debug] [2025-10-22T22:37:13.878Z] : Build folder already exists, starting cleanup
[debug] [2025-10-22T22:37:14.017Z] : >>>> HTTP REQUEST : GET https://api.catalyst.zoho.com/baas/v1/project/26384000000024079/function 
Query params: {"type":"basicio,event,cron,applogic,integration,browser_logic,job"}

[debug] [2025-10-22T22:37:14.110Z] : <<<< HTTP RESPONSE : 200
Response Headers: {"server":"ZGS","date":"Wed, 22 Oct 2025 22:37:13 GMT","content-type":"application/vnd.catalyst.v2+json","transfer-encoding":"chunked","connection":"keep-alive","x-content-type-options":"nosniff","cache-control":"private,no-cache,no-store,max-age=0,must-revalidate","pragma":"no-cache","expires":"Thu, 01 Jan 1970 00:00:00 GMT","x-frame-options":"DENY","strict-transport-security":"max-age=64072000; includeSubDomains; preload"}

[debug] [2025-10-22T22:37:14.115Z] : unknown eol undefined hence skipping check
[debug] [2025-10-22T22:37:14.115Z] : unknown eol undefined hence skipping check
[debug] [2025-10-22T22:37:16.061Z] : http port : '4000' is not available. Hence port '4001' will be used instead.
[info] [2025-10-22T22:37:16.361Z] : 
[info] [2025-10-22T22:37:16.362Z] :  >>>>>>>>>>>>> AdvancedIO <<<<<<<<<<<< 
[info] [2025-10-22T22:37:16.363Z] : i integracion_paqueterias_function      : http://localhost:3000/server/integracion_paqueterias_function/
[info] [2025-10-22T22:37:16.363Z] : i paquetexpress_package-delivery_webhook: http://localhost:3000/server/paquetexpress_package-delivery_webhook/
[info] [2025-10-22T22:37:16.363Z] : 
[info] [2025-10-22T22:39:09.329Z] : 
change of index.js in paquetexpress_package-delivery_webhook detected. Preparing your function, please wait...
[info] [2025-10-22T22:39:09.863Z] : i AdvancedIO[paquetexpress_package-delivery_webhook]: ready!
[info] [2025-10-22T22:39:09.863Z] : i AdvancedIO[paquetexpress_package-delivery_webhook]: http://localhost:3000/server/paquetexpress_package-delivery_webhook/
[info] [2025-10-22T22:39:31.661Z] : 
change of index.js in paquetexpress_package-delivery_webhook detected. Preparing your function, please wait...
[info] [2025-10-22T22:39:32.132Z] : i AdvancedIO[paquetexpress_package-delivery_webhook]: ready!
[info] [2025-10-22T22:39:32.133Z] : i AdvancedIO[paquetexpress_package-delivery_webhook]: http://localhost:3000/server/paquetexpress_package-delivery_webhook/
[info] [2025-10-22T22:40:37.994Z] : 
change of index.js in paquetexpress_package-delivery_webhook detected. Preparing your function, please wait...
[info] [2025-10-22T22:40:38.442Z] : i AdvancedIO[paquetexpress_package-delivery_webhook]: ready!
[info] [2025-10-22T22:40:38.442Z] : i AdvancedIO[paquetexpress_package-delivery_webhook]: http://localhost:3000/server/paquetexpress_package-delivery_webhook/
[info] [2025-10-22T22:44:10.561Z] : 
change of index.js in paquetexpress_package-delivery_webhook detected. Preparing your function, please wait...
[info] [2025-10-22T22:44:10.995Z] : i AdvancedIO[paquetexpress_package-delivery_webhook]: ready!
[info] [2025-10-22T22:44:10.996Z] : i AdvancedIO[paquetexpress_package-delivery_webhook]: http://localhost:3000/server/paquetexpress_package-delivery_webhook/
[info] [2025-10-22T22:44:39.193Z] : 
change of index.js in paquetexpress_package-delivery_webhook detected. Preparing your function, please wait...
[info] [2025-10-22T22:44:39.642Z] : i AdvancedIO[paquetexpress_package-delivery_webhook]: ready!
[info] [2025-10-22T22:44:39.642Z] : i AdvancedIO[paquetexpress_package-delivery_webhook]: http://localhost:3000/server/paquetexpress_package-delivery_webhook/
[info] [2025-10-22T22:44:54.712Z] : 
change of index.js in paquetexpress_package-delivery_webhook detected. Preparing your function, please wait...
[info] [2025-10-22T22:44:55.161Z] : i AdvancedIO[paquetexpress_package-delivery_webhook]: ready!
[info] [2025-10-22T22:44:55.162Z] : i AdvancedIO[paquetexpress_package-delivery_webhook]: http://localhost:3000/server/paquetexpress_package-delivery_webhook/
[info] [2025-10-22T22:45:42.823Z] : 
change of index.js in paquetexpress_package-delivery_webhook detected. Preparing your function, please wait...
[info] [2025-10-22T22:45:43.333Z] : i AdvancedIO[paquetexpress_package-delivery_webhook]: ready!
[info] [2025-10-22T22:45:43.333Z] : i AdvancedIO[paquetexpress_package-delivery_webhook]: http://localhost:3000/server/paquetexpress_package-delivery_webhook/
[info] [2025-10-22T22:46:41.062Z] : 
change of index.js in paquetexpress_package-delivery_webhook detected. Preparing your function, please wait...
[info] [2025-10-22T22:46:41.489Z] : i AdvancedIO[paquetexpress_package-delivery_webhook]: ready!
[info] [2025-10-22T22:46:41.489Z] : i AdvancedIO[paquetexpress_package-delivery_webhook]: http://localhost:3000/server/paquetexpress_package-delivery_webhook/
[info] [2025-10-22T22:47:08.494Z] : 
change of index.js in paquetexpress_package-delivery_webhook detected. Preparing your function, please wait...
[info] [2025-10-22T22:47:08.920Z] : i AdvancedIO[paquetexpress_package-delivery_webhook]: ready!
[info] [2025-10-22T22:47:08.921Z] : i AdvancedIO[paquetexpress_package-delivery_webhook]: http://localhost:3000/server/paquetexpress_package-delivery_webhook/
[info] [2025-10-22T22:51:17.884Z] : 
change of index.js in paquetexpress_package-delivery_webhook detected. Preparing your function, please wait...
[info] [2025-10-22T22:51:18.395Z] : i AdvancedIO[paquetexpress_package-delivery_webhook]: ready!
[info] [2025-10-22T22:51:18.395Z] : i AdvancedIO[paquetexpress_package-delivery_webhook]: http://localhost:3000/server/paquetexpress_package-delivery_webhook/
[info] [2025-10-22T22:52:17.369Z] : 
change of index.js in paquetexpress_package-delivery_webhook detected. Preparing your function, please wait...
[info] [2025-10-22T22:52:17.839Z] : i AdvancedIO[paquetexpress_package-delivery_webhook]: ready!
[info] [2025-10-22T22:52:17.839Z] : i AdvancedIO[paquetexpress_package-delivery_webhook]: http://localhost:3000/server/paquetexpress_package-delivery_webhook/
[info] [2025-10-22T22:52:42.193Z] : 
change of index.js in paquetexpress_package-delivery_webhook detected. Preparing your function, please wait...
[info] [2025-10-22T22:52:42.607Z] : i AdvancedIO[paquetexpress_package-delivery_webhook]: ready!
[info] [2025-10-22T22:52:42.608Z] : i AdvancedIO[paquetexpress_package-delivery_webhook]: http://localhost:3000/server/paquetexpress_package-delivery_webhook/
[info] [2025-10-22T22:52:54.674Z] : 
change of index.js in paquetexpress_package-delivery_webhook detected. Preparing your function, please wait...
[info] [2025-10-22T22:52:55.082Z] : i AdvancedIO[paquetexpress_package-delivery_webhook]: ready!
[info] [2025-10-22T22:52:55.083Z] : i AdvancedIO[paquetexpress_package-delivery_webhook]: http://localhost:3000/server/paquetexpress_package-delivery_webhook/
[info] [2025-10-22T22:53:43.785Z] : 
change of index.js in paquetexpress_package-delivery_webhook detected. Preparing your function, please wait...
[info] [2025-10-22T22:53:44.214Z] : i AdvancedIO[paquetexpress_package-delivery_webhook]: ready!
[info] [2025-10-22T22:53:44.214Z] : i AdvancedIO[paquetexpress_package-delivery_webhook]: http://localhost:3000/server/paquetexpress_package-delivery_webhook/
[info] [2025-10-22T22:56:04.763Z] : 
change of index.js in paquetexpress_package-delivery_webhook detected. Preparing your function, please wait...
[info] [2025-10-22T22:56:05.263Z] : i AdvancedIO[paquetexpress_package-delivery_webhook]: ready!
[info] [2025-10-22T22:56:05.263Z] : i AdvancedIO[paquetexpress_package-delivery_webhook]: http://localhost:3000/server/paquetexpress_package-delivery_webhook/
[info] [2025-10-22T22:56:36.914Z] : 
change of index.js in paquetexpress_package-delivery_webhook detected. Preparing your function, please wait...
[info] [2025-10-22T22:56:37.373Z] : i AdvancedIO[paquetexpress_package-delivery_webhook]: ready!
[info] [2025-10-22T22:56:37.373Z] : i AdvancedIO[paquetexpress_package-delivery_webhook]: http://localhost:3000/server/paquetexpress_package-delivery_webhook/
[info] [2025-10-22T22:57:51.645Z] : 
change of index.js in paquetexpress_package-delivery_webhook detected. Preparing your function, please wait...
[info] [2025-10-22T22:57:52.087Z] : i AdvancedIO[paquetexpress_package-delivery_webhook]: ready!
[info] [2025-10-22T22:57:52.088Z] : i AdvancedIO[paquetexpress_package-delivery_webhook]: http://localhost:3000/server/paquetexpress_package-delivery_webhook/
[info] [2025-10-22T23:00:03.471Z] : 
change of index.js in paquetexpress_package-delivery_webhook detected. Preparing your function, please wait...
[info] [2025-10-22T23:00:03.906Z] : i AdvancedIO[paquetexpress_package-delivery_webhook]: ready!
[info] [2025-10-22T23:00:03.906Z] : i AdvancedIO[paquetexpress_package-delivery_webhook]: http://localhost:3000/server/paquetexpress_package-delivery_webhook/
[info] [2025-10-22T23:00:06.546Z] : 
change of index.js in paquetexpress_package-delivery_webhook detected. Preparing your function, please wait...
[info] [2025-10-22T23:00:07.023Z] : i AdvancedIO[paquetexpress_package-delivery_webhook]: ready!
[info] [2025-10-22T23:00:07.024Z] : i AdvancedIO[paquetexpress_package-delivery_webhook]: http://localhost:3000/server/paquetexpress_package-delivery_webhook/
[info] [2025-10-22T23:00:47.004Z] : 
change of index.js in paquetexpress_package-delivery_webhook detected. Preparing your function, please wait...
[info] [2025-10-22T23:00:47.410Z] : i AdvancedIO[paquetexpress_package-delivery_webhook]: ready!
[info] [2025-10-22T23:00:47.411Z] : i AdvancedIO[paquetexpress_package-delivery_webhook]: http://localhost:3000/server/paquetexpress_package-delivery_webhook/
[info] [2025-10-22T23:01:21.384Z] : 
change of index.js in paquetexpress_package-delivery_webhook detected. Preparing your function, please wait...
[info] [2025-10-22T23:01:21.824Z] : i AdvancedIO[paquetexpress_package-delivery_webhook]: ready!
[info] [2025-10-22T23:01:21.824Z] : i AdvancedIO[paquetexpress_package-delivery_webhook]: http://localhost:3000/server/paquetexpress_package-delivery_webhook/
[info] [2025-10-22T23:03:52.184Z] : 
change of index.js in paquetexpress_package-delivery_webhook detected. Preparing your function, please wait...
[info] [2025-10-22T23:03:52.658Z] : i AdvancedIO[paquetexpress_package-delivery_webhook]: ready!
[info] [2025-10-22T23:03:52.658Z] : i AdvancedIO[paquetexpress_package-delivery_webhook]: http://localhost:3000/server/paquetexpress_package-delivery_webhook/
[info] [2025-10-22T23:04:08.085Z] : 
change of index.js in paquetexpress_package-delivery_webhook detected. Preparing your function, please wait...
[info] [2025-10-22T23:04:08.521Z] : i AdvancedIO[paquetexpress_package-delivery_webhook]: ready!
[info] [2025-10-22T23:04:08.521Z] : i AdvancedIO[paquetexpress_package-delivery_webhook]: http://localhost:3000/server/paquetexpress_package-delivery_webhook/
[info] [2025-10-22T23:21:48.552Z] : 
change of index.js in paquetexpress_package-delivery_webhook detected. Preparing your function, please wait...
[info] [2025-10-22T23:21:48.952Z] : i AdvancedIO[paquetexpress_package-delivery_webhook]: ready!
[info] [2025-10-22T23:21:48.953Z] : i AdvancedIO[paquetexpress_package-delivery_webhook]: http://localhost:3000/server/paquetexpress_package-delivery_webhook/
[info] [2025-10-22T23:21:52.361Z] : 
change of index.js in paquetexpress_package-delivery_webhook detected. Preparing your function, please wait...
[info] [2025-10-22T23:21:52.783Z] : i AdvancedIO[paquetexpress_package-delivery_webhook]: ready!
[info] [2025-10-22T23:21:52.783Z] : i AdvancedIO[paquetexpress_package-delivery_webhook]: http://localhost:3000/server/paquetexpress_package-delivery_webhook/
[info] [2025-10-22T23:21:59.165Z] : 
change of index.js in paquetexpress_package-delivery_webhook detected. Preparing your function, please wait...
[info] [2025-10-22T23:21:59.616Z] : i AdvancedIO[paquetexpress_package-delivery_webhook]: ready!
[info] [2025-10-22T23:21:59.617Z] : i AdvancedIO[paquetexpress_package-delivery_webhook]: http://localhost:3000/server/paquetexpress_package-delivery_webhook/
[info] [2025-10-22T23:23:07.960Z] : 
change of index.js in paquetexpress_package-delivery_webhook detected. Preparing your function, please wait...
[info] [2025-10-22T23:23:08.420Z] : i AdvancedIO[paquetexpress_package-delivery_webhook]: ready!
[info] [2025-10-22T23:23:08.421Z] : i AdvancedIO[paquetexpress_package-delivery_webhook]: http://localhost:3000/server/paquetexpress_package-delivery_webhook/
[info] [2025-10-22T23:24:53.644Z] : 
change of index.js in paquetexpress_package-delivery_webhook detected. Preparing your function, please wait...
[info] [2025-10-22T23:24:54.120Z] : i AdvancedIO[paquetexpress_package-delivery_webhook]: ready!
[info] [2025-10-22T23:24:54.120Z] : i AdvancedIO[paquetexpress_package-delivery_webhook]: http://localhost:3000/server/paquetexpress_package-delivery_webhook/
[info] [2025-10-22T23:25:13.162Z] : 
change of index.js in paquetexpress_package-delivery_webhook detected. Preparing your function, please wait...
[info] [2025-10-22T23:25:13.650Z] : i AdvancedIO[paquetexpress_package-delivery_webhook]: ready!
[info] [2025-10-22T23:25:13.651Z] : i AdvancedIO[paquetexpress_package-delivery_webhook]: http://localhost:3000/server/paquetexpress_package-delivery_webhook/
[info] [2025-10-22T23:30:23.538Z] : 
change of index.js in paquetexpress_package-delivery_webhook detected. Preparing your function, please wait...
[info] [2025-10-22T23:30:23.966Z] : i AdvancedIO[paquetexpress_package-delivery_webhook]: ready!
[info] [2025-10-22T23:30:23.966Z] : i AdvancedIO[paquetexpress_package-delivery_webhook]: http://localhost:3000/server/paquetexpress_package-delivery_webhook/
[info] [2025-10-22T23:30:46.738Z] : 
change of index.js in paquetexpress_package-delivery_webhook detected. Preparing your function, please wait...
[info] [2025-10-22T23:30:47.192Z] : i AdvancedIO[paquetexpress_package-delivery_webhook]: ready!
[info] [2025-10-22T23:30:47.195Z] : i AdvancedIO[paquetexpress_package-delivery_webhook]: http://localhost:3000/server/paquetexpress_package-delivery_webhook/
[info] [2025-10-22T23:35:51.039Z] : 
change of index.js in paquetexpress_package-delivery_webhook detected. Preparing your function, please wait...
[info] [2025-10-22T23:35:51.469Z] : i AdvancedIO[paquetexpress_package-delivery_webhook]: ready!
[info] [2025-10-22T23:35:51.469Z] : i AdvancedIO[paquetexpress_package-delivery_webhook]: http://localhost:3000/server/paquetexpress_package-delivery_webhook/
[info] [2025-10-22T23:36:47.406Z] : 
change of index.js in paquetexpress_package-delivery_webhook detected. Preparing your function, please wait...
[info] [2025-10-22T23:36:47.801Z] : i AdvancedIO[paquetexpress_package-delivery_webhook]: ready!
[info] [2025-10-22T23:36:47.801Z] : i AdvancedIO[paquetexpress_package-delivery_webhook]: http://localhost:3000/server/paquetexpress_package-delivery_webhook/
[info] [2025-10-23T00:10:56.638Z] : 
change of index.js in paquetexpress_package-delivery_webhook detected. Preparing your function, please wait...
[info] [2025-10-23T00:10:57.189Z] : i AdvancedIO[paquetexpress_package-delivery_webhook]: ready!
[info] [2025-10-23T00:10:57.190Z] : i AdvancedIO[paquetexpress_package-delivery_webhook]: http://localhost:3000/server/paquetexpress_package-delivery_webhook/
